<?xml version="1.0" encoding="UTF-8"?>
<!-- Generated by org.testng.reporters.JUnitReportReporter -->
<testsuite hostname="INW3GYDRL3-AAD" failures="0" tests="6" name="api.test.DDTests" time="11.074" errors="0" timestamp="2023-08-08T19:54:08 IST" skipped="0">
  <testcase classname="api.test.DDTests" name="testDeleteUser" time="1.386"/>
  <system-out/>
  <testcase classname="api.test.DDTests" name="testPostUser" time="1.431"/>
  <system-out/>
  <testcase classname="api.test.DDTests" name="testPostUser" time="1.338"/>
  <system-out/>
  <testcase classname="api.test.DDTests" name="testPostUser" time="2.390"/>
  <system-out/>
  <testcase classname="api.test.DDTests" name="testDeleteUser" time="3.193"/>
  <system-out/>
  <testcase classname="api.test.DDTests" name="testDeleteUser" time="1.336"/>
  <system-out/>
</testsuite> <!-- api.test.DDTests -->
