<?xml version="1.0" encoding="UTF-8"?>
<!-- Generated by org.testng.reporters.JUnitReportReporter -->
<testsuite hostname="INW3GYDRL3-AAD" failures="0" tests="4" name="api.test.UserTests" time="7.195" errors="0" timestamp="2023-08-09T00:05:14 IST" skipped="0">
  <testcase classname="api.test.UserTests" name="testPostUser" time="3.239"/>
  <system-out/>
  <testcase classname="api.test.UserTests" name="testGetUserByName" time="1.318"/>
  <system-out/>
  <testcase classname="api.test.UserTests" name="testUpdateUserByName" time="1.327"/>
  <system-out/>
  <testcase classname="api.test.UserTests" name="testDeleteUserByName" time="1.311"/>
  <system-out/>
</testsuite> <!-- api.test.UserTests -->
