<?xml version="1.0" encoding="UTF-8"?>
<!-- Generated by org.testng.reporters.JUnitReportReporter -->
<testsuite hostname="INW3GYDRL3-AAD" failures="0" tests="4" name="api.test.UserTests" time="6.887" errors="0" timestamp="2023-08-09T16:39:58 IST" skipped="0">
  <testcase classname="api.test.UserTests" name="testPostUser" time="2.993"/>
  <system-out/>
  <testcase classname="api.test.UserTests" name="testGetUserByName" time="1.324"/>
  <system-out/>
  <testcase classname="api.test.UserTests" name="testUpdateUserByName" time="1.288"/>
  <system-out/>
  <testcase classname="api.test.UserTests" name="testDeleteUserByName" time="1.282"/>
  <system-out/>
</testsuite> <!-- api.test.UserTests -->
